<?xml version="1.0" encoding="UTF-8"?>
<!-- Generated by org.testng.reporters.JUnitReportReporter -->
<testsuite hostname="INISKDQA65" failures="0" tests="5" name="Test.Testing" time="115.838" errors="0" timestamp="2024-01-17T14:59:02 IST" skipped="0">
  <testcase classname="Test.Testing" name="initializeChromeDriver" time="1.393"/>
  <system-out/>
  <testcase classname="Test.Testing" name="VerifylogintoQPrime" time="11.816"/>
  <system-out/>
  <testcase classname="Test.Testing" name="VerifyInitiatingepisode" time="102.278"/>
  <system-out/>
  <testcase classname="Test.Testing" name="VerifyMPAbutton" time="0.184"/>
  <system-out/>
  <testcase classname="Test.Testing" name="screenshot" time="0.167"/>
  <system-out/>
</testsuite> <!-- Test.Testing -->
