<?xml version="1.0" encoding="UTF-8"?>
<!-- Generated by org.testng.reporters.JUnitReportReporter -->
<testsuite hostname="INISKDQA65" failures="0" tests="16" name="Test.mapping_Configurations" time="318.776" errors="0" timestamp="2024-01-24T17:45:54 IST" skipped="0">
  <testcase classname="Test.mapping_Configurations" name="initializeChromeDriver" time="1.617"/>
  <system-out/>
  <testcase classname="Test.mapping_Configurations" name="launchbrowser" time="9.672"/>
  <system-out/>
  <testcase classname="Test.mapping_Configurations" name="VerifyLogintoQPAthwaysAdmin" time="17.706"/>
  <system-out/>
  <testcase classname="Test.mapping_Configurations" name="VerifyPayerClassMappingConfig" time="8.274"/>
  <system-out/>
  <testcase classname="Test.mapping_Configurations" name="VerifyAddingPayerClassName" time="18.408"/>
  <system-out/>
  <testcase classname="Test.mapping_Configurations" name="VerifyAddingInsurance" time="31.472"/>
  <system-out/>
  <testcase classname="Test.mapping_Configurations" name="VerifydeletingInsurance" time="13.087"/>
  <system-out/>
  <testcase classname="Test.mapping_Configurations" name="VerifyAddingAnotherInsurance" time="18.323"/>
  <system-out/>
  <testcase classname="Test.mapping_Configurations" name="Verifyclosingpopup" time="6.071"/>
  <system-out/>
  <testcase classname="Test.mapping_Configurations" name="VerifyMPAforpayerclass" time="4.064"/>
  <system-out/>
  <testcase classname="Test.mapping_Configurations" name="Verifypgpconfiguration" time="4.104"/>
  <system-out/>
  <testcase classname="Test.mapping_Configurations" name="VerifyMPAForPGP" time="19.304"/>
  <system-out/>
  <testcase classname="Test.mapping_Configurations" name="Verifympabuttonfunctionalityforprovider" time="20.209"/>
  <system-out/>
  <testcase classname="Test.mapping_Configurations" name="VerifylogintoQPrime" time="9.588"/>
  <system-out/>
  <testcase classname="Test.mapping_Configurations" name="VerifyInitiatingepisode" time="136.703"/>
  <system-out/>
  <testcase classname="Test.mapping_Configurations" name="VerifyMPAbutton" time="0.174"/>
  <system-out/>
</testsuite> <!-- Test.mapping_Configurations -->
