<?xml version="1.0" encoding="UTF-8"?>
<!-- Generated by org.testng.reporters.JUnitReportReporter -->
<testsuite hostname="INISKDQA4" failures="0" tests="49" name="testcases.login" time="0.931" errors="1" timestamp="2024-06-14T14:01:21 IST" skipped="48">
  <testcase classname="testcases.login" name="setup" time="0.931">
    <error message="java.lang.NumberFormatException: For input string: &quot;public&quot;" type="io.github.bonigarcia.wdm.config.WebDriverManagerException">
      <![CDATA[io.github.bonigarcia.wdm.config.WebDriverManagerException: java.lang.NumberFormatException: For input string: "public"
at io.github.bonigarcia.wdm.WebDriverManager.handleException(WebDriverManager.java:1435)
at io.github.bonigarcia.wdm.WebDriverManager.manage(WebDriverManager.java:1195)
at io.github.bonigarcia.wdm.WebDriverManager.fallback(WebDriverManager.java:1451)
at io.github.bonigarcia.wdm.WebDriverManager.handleException(WebDriverManager.java:1432)
at io.github.bonigarcia.wdm.WebDriverManager.manage(WebDriverManager.java:1195)
at io.github.bonigarcia.wdm.WebDriverManager.handleException(WebDriverManager.java:1425)
at io.github.bonigarcia.wdm.WebDriverManager.manage(WebDriverManager.java:1195)
at io.github.bonigarcia.wdm.WebDriverManager.setup(WebDriverManager.java:427)
at testcases.login.setup(login.java:23)
at java.base/jdk.internal.reflect.DirectMethodHandleAccessor.invoke(DirectMethodHandleAccessor.java:104)
at java.base/java.lang.reflect.Method.invoke(Method.java:578)
at org.testng.internal.invokers.MethodInvocationHelper.invokeMethod(MethodInvocationHelper.java:139)
at org.testng.internal.invokers.MethodInvocationHelper.invokeMethodConsideringTimeout(MethodInvocationHelper.java:69)
at org.testng.internal.invokers.ConfigInvoker.invokeConfigurationMethod(ConfigInvoker.java:390)
at org.testng.internal.invokers.ConfigInvoker.invokeConfigurations(ConfigInvoker.java:325)
at org.testng.internal.invokers.TestMethodWorker.invokeBeforeClassMethods(TestMethodWorker.java:180)
at org.testng.internal.invokers.TestMethodWorker.run(TestMethodWorker.java:122)
at java.base/java.util.concurrent.ThreadPoolExecutor.runWorker(ThreadPoolExecutor.java:1144)
at java.base/java.util.concurrent.ThreadPoolExecutor$Worker.run(ThreadPoolExecutor.java:642)
at java.base/java.lang.Thread.run(Thread.java:1623)
Caused by: java.lang.NumberFormatException: For input string: "public"
at java.base/java.lang.NumberFormatException.forInputString(NumberFormatException.java:67)
at java.base/java.lang.Integer.parseInt(Integer.java:665)
at java.base/java.lang.Integer.parseInt(Integer.java:781)
at io.github.bonigarcia.wdm.managers.ChromeDriverManager.buildUrl(ChromeDriverManager.java:178)
at io.github.bonigarcia.wdm.managers.ChromeDriverManager.buildUrl(ChromeDriverManager.java:155)
at io.github.bonigarcia.wdm.WebDriverManager.download(WebDriverManager.java:1272)
at io.github.bonigarcia.wdm.WebDriverManager.manage(WebDriverManager.java:1189)
... 18 more
]]>
    </error>
  </testcase> <!-- setup -->
  <testcase classname="testcases.login" name="mylogin" time="0.000">
    <skipped/>
  </testcase> <!-- mylogin -->
  <testcase classname="testcases.login" name="access" time="0.000">
    <skipped/>
  </testcase> <!-- access -->
  <testcase classname="testcases.login" name="dashboard" time="0.000">
    <skipped/>
  </testcase> <!-- dashboard -->
  <testcase classname="testcases.login" name="scrollbardashboar" time="0.000">
    <skipped/>
  </testcase> <!-- scrollbardashboar -->
  <testcase classname="testcases.login" name="accessProjects" time="0.000">
    <skipped/>
  </testcase> <!-- accessProjects -->
  <testcase classname="testcases.login" name="openviewfilter" time="0.000">
    <skipped/>
  </testcase> <!-- openviewfilter -->
  <testcase classname="testcases.login" name="openpriorityfilter" time="0.000">
    <skipped/>
  </testcase> <!-- openpriorityfilter -->
  <testcase classname="testcases.login" name="openprojectfilter" time="0.000">
    <skipped/>
  </testcase> <!-- openprojectfilter -->
  <testcase classname="testcases.login" name="openclearbutton" time="0.000">
    <skipped/>
  </testcase> <!-- openclearbutton -->
  <testcase classname="testcases.login" name="openduedaten" time="0.000">
    <skipped/>
  </testcase> <!-- openduedaten -->
  <testcase classname="testcases.login" name="openapptdate" time="0.000">
    <skipped/>
  </testcase> <!-- openapptdate -->
  <testcase classname="testcases.login" name="importprojectbutton" time="0.000">
    <skipped/>
  </testcase> <!-- importprojectbutton -->
  <testcase classname="testcases.login" name="openscroll" time="0.000">
    <skipped/>
  </testcase> <!-- openscroll -->
  <testcase classname="testcases.login" name="createprojectbutton" time="0.000">
    <skipped/>
  </testcase> <!-- createprojectbutton -->
  <testcase classname="testcases.login" name="createprojectclient" time="0.000">
    <skipped/>
  </testcase> <!-- createprojectclient -->
  <testcase classname="testcases.login" name="createprojectsavebtn" time="0.000">
    <skipped/>
  </testcase> <!-- createprojectsavebtn -->
  <testcase classname="testcases.login" name="createprojectapptdate" time="0.000">
    <skipped/>
  </testcase> <!-- createprojectapptdate -->
  <testcase classname="testcases.login" name="openselectgridproject" time="0.000">
    <skipped/>
  </testcase> <!-- openselectgridproject -->
  <testcase classname="testcases.login" name="openexporttoexcel" time="0.000">
    <skipped/>
  </testcase> <!-- openexporttoexcel -->
  <testcase classname="testcases.login" name="openInstructions" time="0.000">
    <skipped/>
  </testcase> <!-- openInstructions -->
  <testcase classname="testcases.login" name="open_voidbtn" time="0.000">
    <skipped/>
  </testcase> <!-- open_voidbtn -->
  <testcase classname="testcases.login" name="open_addvoidcomment" time="0.000">
    <skipped/>
  </testcase> <!-- open_addvoidcomment -->
  <testcase classname="testcases.login" name="open_projectdeatils" time="0.000">
    <skipped/>
  </testcase> <!-- open_projectdeatils -->
  <testcase classname="testcases.login" name="Assignedtab_Appointmnetfilter">
    <skipped/>
  </testcase> <!-- Assignedtab_Appointmnetfilter -->
  <testcase classname="testcases.login" name="Assignedtab_priorityfilter">
    <skipped/>
  </testcase> <!-- Assignedtab_priorityfilter -->
  <testcase classname="testcases.login" name="inprocesstab_duedate">
    <skipped/>
  </testcase> <!-- inprocesstab_duedate -->
  <testcase classname="testcases.login" name="importprojectbtn">
    <skipped/>
  </testcase> <!-- importprojectbtn -->
  <testcase classname="testcases.login" name="inprocesstab">
    <skipped/>
  </testcase> <!-- inprocesstab -->
  <testcase classname="testcases.login" name="inprocess_viewfilter">
    <skipped/>
  </testcase> <!-- inprocess_viewfilter -->
  <testcase classname="testcases.login" name="inprocesstab_owner">
    <skipped/>
  </testcase> <!-- inprocesstab_owner -->
  <testcase classname="testcases.login" name="Assignedtab_scrollbar">
    <skipped/>
  </testcase> <!-- Assignedtab_scrollbar -->
  <testcase classname="testcases.login" name="inprocesstab_projectfilter">
    <skipped/>
  </testcase> <!-- inprocesstab_projectfilter -->
  <testcase classname="testcases.login" name="Assignedtab_projectdeatils">
    <skipped/>
  </testcase> <!-- Assignedtab_projectdeatils -->
  <testcase classname="testcases.login" name="Assignedtab_projectfilter">
    <skipped/>
  </testcase> <!-- Assignedtab_projectfilter -->
  <testcase classname="testcases.login" name="Assignedtab_viewfilter">
    <skipped/>
  </testcase> <!-- Assignedtab_viewfilter -->
  <testcase classname="testcases.login" name="inprocesstab_viewfilter">
    <skipped/>
  </testcase> <!-- inprocesstab_viewfilter -->
  <testcase classname="testcases.login" name="importprojectclosepopup">
    <skipped/>
  </testcase> <!-- importprojectclosepopup -->
  <testcase classname="testcases.login" name="Assignedtab_ownerfilter">
    <skipped/>
  </testcase> <!-- Assignedtab_ownerfilter -->
  <testcase classname="testcases.login" name="Assignedtab">
    <skipped/>
  </testcase> <!-- Assignedtab -->
  <testcase classname="testcases.login" name="openAssignproject">
    <skipped/>
  </testcase> <!-- openAssignproject -->
  <testcase classname="testcases.login" name="myprojecttab">
    <skipped/>
  </testcase> <!-- myprojecttab -->
  <testcase classname="testcases.login" name="inprocesstab_Appointmnet">
    <skipped/>
  </testcase> <!-- inprocesstab_Appointmnet -->
  <testcase classname="testcases.login" name="createprojectclosebtn">
    <skipped/>
  </testcase> <!-- createprojectclosebtn -->
  <testcase classname="testcases.login" name="inprocesstab_projectdeatils">
    <skipped/>
  </testcase> <!-- inprocesstab_projectdeatils -->
  <testcase classname="testcases.login" name="Assignedtab_duedatefilter">
    <skipped/>
  </testcase> <!-- Assignedtab_duedatefilter -->
  <testcase classname="testcases.login" name="inprocesstab_scrollbar">
    <skipped/>
  </testcase> <!-- inprocesstab_scrollbar -->
  <testcase classname="testcases.login" name="open_workitemspages">
    <skipped/>
  </testcase> <!-- open_workitemspages -->
  <testcase classname="testcases.login" name="selectfiletoimportbtn">
    <skipped/>
  </testcase> <!-- selectfiletoimportbtn -->
</testsuite> <!-- testcases.login -->
