<?xml version="1.0" encoding="UTF-8"?>
<!-- Generated by org.testng.reporters.JUnitReportReporter -->
<testsuite hostname="INISKDQA4" failures="0" tests="18" name="testcases.View_Task" time="0.874" errors="1" timestamp="2024-06-14T14:01:21 IST" skipped="17">
  <testcase classname="testcases.View_Task" name="setup" time="0.874">
    <error message="java.lang.NumberFormatException: For input string: &quot;public&quot;" type="io.github.bonigarcia.wdm.config.WebDriverManagerException">
      <![CDATA[io.github.bonigarcia.wdm.config.WebDriverManagerException: java.lang.NumberFormatException: For input string: "public"
at io.github.bonigarcia.wdm.WebDriverManager.handleException(WebDriverManager.java:1435)
at io.github.bonigarcia.wdm.WebDriverManager.manage(WebDriverManager.java:1195)
at io.github.bonigarcia.wdm.WebDriverManager.fallback(WebDriverManager.java:1451)
at io.github.bonigarcia.wdm.WebDriverManager.handleException(WebDriverManager.java:1432)
at io.github.bonigarcia.wdm.WebDriverManager.manage(WebDriverManager.java:1195)
at io.github.bonigarcia.wdm.WebDriverManager.handleException(WebDriverManager.java:1425)
at io.github.bonigarcia.wdm.WebDriverManager.manage(WebDriverManager.java:1195)
at io.github.bonigarcia.wdm.WebDriverManager.setup(WebDriverManager.java:427)
at testcases.View_Task.setup(View_Task.java:20)
at java.base/jdk.internal.reflect.DirectMethodHandleAccessor.invoke(DirectMethodHandleAccessor.java:104)
at java.base/java.lang.reflect.Method.invoke(Method.java:578)
at org.testng.internal.invokers.MethodInvocationHelper.invokeMethod(MethodInvocationHelper.java:139)
at org.testng.internal.invokers.MethodInvocationHelper.invokeMethodConsideringTimeout(MethodInvocationHelper.java:69)
at org.testng.internal.invokers.ConfigInvoker.invokeConfigurationMethod(ConfigInvoker.java:390)
at org.testng.internal.invokers.ConfigInvoker.invokeConfigurations(ConfigInvoker.java:325)
at org.testng.internal.invokers.TestMethodWorker.invokeBeforeClassMethods(TestMethodWorker.java:180)
at org.testng.internal.invokers.TestMethodWorker.run(TestMethodWorker.java:122)
at java.base/java.util.concurrent.ThreadPoolExecutor.runWorker(ThreadPoolExecutor.java:1144)
at java.base/java.util.concurrent.ThreadPoolExecutor$Worker.run(ThreadPoolExecutor.java:642)
at java.base/java.lang.Thread.run(Thread.java:1623)
Caused by: java.lang.NumberFormatException: For input string: "public"
at java.base/java.lang.NumberFormatException.forInputString(NumberFormatException.java:67)
at java.base/java.lang.Integer.parseInt(Integer.java:665)
at java.base/java.lang.Integer.parseInt(Integer.java:781)
at io.github.bonigarcia.wdm.managers.ChromeDriverManager.buildUrl(ChromeDriverManager.java:178)
at io.github.bonigarcia.wdm.managers.ChromeDriverManager.buildUrl(ChromeDriverManager.java:155)
at io.github.bonigarcia.wdm.WebDriverManager.download(WebDriverManager.java:1272)
at io.github.bonigarcia.wdm.WebDriverManager.manage(WebDriverManager.java:1189)
... 18 more
]]>
    </error>
  </testcase> <!-- setup -->
  <testcase classname="testcases.View_Task" name="mylogin" time="0.000">
    <skipped/>
  </testcase> <!-- mylogin -->
  <testcase classname="testcases.View_Task" name="access" time="0.000">
    <skipped/>
  </testcase> <!-- access -->
  <testcase classname="testcases.View_Task" name="Task_menu_access" time="0.000">
    <skipped/>
  </testcase> <!-- Task_menu_access -->
  <testcase classname="testcases.View_Task" name="ViewTask" time="0.000">
    <skipped/>
  </testcase> <!-- ViewTask -->
  <testcase classname="testcases.View_Task" name="Tasktab_viewfilter" time="0.000">
    <skipped/>
  </testcase> <!-- Tasktab_viewfilter -->
  <testcase classname="testcases.View_Task" name="Workstatusfilter" time="0.000">
    <skipped/>
  </testcase> <!-- Workstatusfilter -->
  <testcase classname="testcases.View_Task" name="Priorityfilter" time="0.000">
    <skipped/>
  </testcase> <!-- Priorityfilter -->
  <testcase classname="testcases.View_Task" name="Insurancefilter" time="0.000">
    <skipped/>
  </testcase> <!-- Insurancefilter -->
  <testcase classname="testcases.View_Task" name="locationdept_filter" time="0.000">
    <skipped/>
  </testcase> <!-- locationdept_filter -->
  <testcase classname="testcases.View_Task" name="mYqueueprojectfilter" time="0.000">
    <skipped/>
  </testcase> <!-- mYqueueprojectfilter -->
  <testcase classname="testcases.View_Task" name="Status_projectfilter" time="0.000">
    <skipped/>
  </testcase> <!-- Status_projectfilter -->
  <testcase classname="testcases.View_Task" name="upviewfilter" time="0.000">
    <skipped/>
  </testcase> <!-- upviewfilter -->
  <testcase classname="testcases.View_Task" name="myqueueExporttoexcel" time="0.000">
    <skipped/>
  </testcase> <!-- myqueueExporttoexcel -->
  <testcase classname="testcases.View_Task" name="View_projectdeatils" time="0.000">
    <skipped/>
  </testcase> <!-- View_projectdeatils -->
  <testcase classname="testcases.View_Task" name="Myprojectdetails_view" time="0.000">
    <skipped/>
  </testcase> <!-- Myprojectdetails_view -->
  <testcase classname="testcases.View_Task" name="view_scrollbar" time="0.000">
    <skipped/>
  </testcase> <!-- view_scrollbar -->
  <testcase classname="testcases.View_Task" name="Prcaticefilter">
    <skipped/>
  </testcase> <!-- Prcaticefilter -->
</testsuite> <!-- testcases.View_Task -->
