<?xml version="1.0" encoding="UTF-8"?>
<!-- Generated by org.testng.reporters.JUnitReportReporter -->
<testsuite hostname="INISKDQA4" failures="0" tests="17" name="testcases.ReleasedTask" time="1.689" errors="1" timestamp="2024-06-14T14:01:21 IST" skipped="16">
  <testcase classname="testcases.ReleasedTask" name="setup" time="1.688">
    <error message="java.lang.NumberFormatException: For input string: &quot;public&quot;" type="io.github.bonigarcia.wdm.config.WebDriverManagerException">
      <![CDATA[io.github.bonigarcia.wdm.config.WebDriverManagerException: java.lang.NumberFormatException: For input string: "public"
at io.github.bonigarcia.wdm.WebDriverManager.handleException(WebDriverManager.java:1435)
at io.github.bonigarcia.wdm.WebDriverManager.manage(WebDriverManager.java:1195)
at io.github.bonigarcia.wdm.WebDriverManager.fallback(WebDriverManager.java:1451)
at io.github.bonigarcia.wdm.WebDriverManager.handleException(WebDriverManager.java:1432)
at io.github.bonigarcia.wdm.WebDriverManager.manage(WebDriverManager.java:1195)
at io.github.bonigarcia.wdm.WebDriverManager.handleException(WebDriverManager.java:1425)
at io.github.bonigarcia.wdm.WebDriverManager.manage(WebDriverManager.java:1195)
at io.github.bonigarcia.wdm.WebDriverManager.setup(WebDriverManager.java:427)
at testcases.ReleasedTask.setup(ReleasedTask.java:19)
at java.base/jdk.internal.reflect.DirectMethodHandleAccessor.invoke(DirectMethodHandleAccessor.java:104)
at java.base/java.lang.reflect.Method.invoke(Method.java:578)
at org.testng.internal.invokers.MethodInvocationHelper.invokeMethod(MethodInvocationHelper.java:139)
at org.testng.internal.invokers.MethodInvocationHelper.invokeMethodConsideringTimeout(MethodInvocationHelper.java:69)
at org.testng.internal.invokers.ConfigInvoker.invokeConfigurationMethod(ConfigInvoker.java:390)
at org.testng.internal.invokers.ConfigInvoker.invokeConfigurations(ConfigInvoker.java:325)
at org.testng.internal.invokers.TestMethodWorker.invokeBeforeClassMethods(TestMethodWorker.java:180)
at org.testng.internal.invokers.TestMethodWorker.run(TestMethodWorker.java:122)
at java.base/java.util.concurrent.ThreadPoolExecutor.runWorker(ThreadPoolExecutor.java:1144)
at java.base/java.util.concurrent.ThreadPoolExecutor$Worker.run(ThreadPoolExecutor.java:642)
at java.base/java.lang.Thread.run(Thread.java:1623)
Caused by: java.lang.NumberFormatException: For input string: "public"
at java.base/java.lang.NumberFormatException.forInputString(NumberFormatException.java:67)
at java.base/java.lang.Integer.parseInt(Integer.java:665)
at java.base/java.lang.Integer.parseInt(Integer.java:781)
at io.github.bonigarcia.wdm.managers.ChromeDriverManager.buildUrl(ChromeDriverManager.java:178)
at io.github.bonigarcia.wdm.managers.ChromeDriverManager.buildUrl(ChromeDriverManager.java:155)
at io.github.bonigarcia.wdm.WebDriverManager.download(WebDriverManager.java:1272)
at io.github.bonigarcia.wdm.WebDriverManager.manage(WebDriverManager.java:1189)
... 18 more
]]>
    </error>
  </testcase> <!-- setup -->
  <testcase classname="testcases.ReleasedTask" name="mylogin" time="0.000">
    <skipped/>
  </testcase> <!-- mylogin -->
  <testcase classname="testcases.ReleasedTask" name="access" time="0.001">
    <skipped/>
  </testcase> <!-- access -->
  <testcase classname="testcases.ReleasedTask" name="accessTasks" time="0.000">
    <skipped/>
  </testcase> <!-- accessTasks -->
  <testcase classname="testcases.ReleasedTask" name="ComplTask" time="0.000">
    <skipped/>
  </testcase> <!-- ComplTask -->
  <testcase classname="testcases.ReleasedTask" name="TaskComp_viewfilter" time="0.000">
    <skipped/>
  </testcase> <!-- TaskComp_viewfilter -->
  <testcase classname="testcases.ReleasedTask" name="Prcaticefilter2" time="0.000">
    <skipped/>
  </testcase> <!-- Prcaticefilter2 -->
  <testcase classname="testcases.ReleasedTask" name="Project_filter" time="0.000">
    <skipped/>
  </testcase> <!-- Project_filter -->
  <testcase classname="testcases.ReleasedTask" name="Projects_filter" time="0.000">
    <skipped/>
  </testcase> <!-- Projects_filter -->
  <testcase classname="testcases.ReleasedTask" name="ptcode_search" time="0.000">
    <skipped/>
  </testcase> <!-- ptcode_search -->
  <testcase classname="testcases.ReleasedTask" name="automateFilters" time="0.000">
    <skipped/>
  </testcase> <!-- automateFilters -->
  <testcase classname="testcases.ReleasedTask" name="Pendingtab">
    <skipped/>
  </testcase> <!-- Pendingtab -->
  <testcase classname="testcases.ReleasedTask" name="accessProjectsfromreleased">
    <skipped/>
  </testcase> <!-- accessProjectsfromreleased -->
  <testcase classname="testcases.ReleasedTask" name="Pending_patientdetails">
    <skipped/>
  </testcase> <!-- Pending_patientdetails -->
  <testcase classname="testcases.ReleasedTask" name="Pending_projectdetails_view">
    <skipped/>
  </testcase> <!-- Pending_projectdetails_view -->
  <testcase classname="testcases.ReleasedTask" name="accessProjectsfromreleased1">
    <skipped/>
  </testcase> <!-- accessProjectsfromreleased1 -->
  <testcase classname="testcases.ReleasedTask" name="Relesaed_Record">
    <skipped/>
  </testcase> <!-- Relesaed_Record -->
</testsuite> <!-- testcases.ReleasedTask -->
