<?xml version="1.0" encoding="UTF-8"?>
<!-- Generated by org.testng.reporters.JUnitReportReporter -->
<testsuite hostname="INISKDQA4" failures="0" tests="16" name="testcases.Release_Task" time="75.706" errors="0" timestamp="2024-02-22T15:30:36 IST" skipped="8">
  <testcase classname="testcases.Release_Task" name="mylogin" time="25.178"/>
  <testcase classname="testcases.Release_Task" name="access" time="8.585"/>
  <testcase classname="testcases.Release_Task" name="accessTasks" time="4.038"/>
  <testcase classname="testcases.Release_Task" name="ComplTask" time="4.411"/>
  <testcase classname="testcases.Release_Task" name="TaskComp_viewfilter" time="6.094"/>
  <testcase classname="testcases.Release_Task" name="Project_filter" time="4.216"/>
  <testcase classname="testcases.Release_Task" name="ptcode_search" time="12.621"/>
  <testcase classname="testcases.Release_Task" name="Relesaed_Record" time="10.563"/>
  <testcase classname="testcases.Release_Task" name="automateFilters">
    <skipped/>
  </testcase> <!-- automateFilters -->
  <testcase classname="testcases.Release_Task" name="Projects_filter">
    <skipped/>
  </testcase> <!-- Projects_filter -->
  <testcase classname="testcases.Release_Task" name="Prcaticefilter1">
    <skipped/>
  </testcase> <!-- Prcaticefilter1 -->
  <testcase classname="testcases.Release_Task" name="accessProjectsfromreleased">
    <skipped/>
  </testcase> <!-- accessProjectsfromreleased -->
  <testcase classname="testcases.Release_Task" name="Pending_projectdetails_view">
    <skipped/>
  </testcase> <!-- Pending_projectdetails_view -->
  <testcase classname="testcases.Release_Task" name="Pendingtab">
    <skipped/>
  </testcase> <!-- Pendingtab -->
  <testcase classname="testcases.Release_Task" name="accessProjectsfromreleased1">
    <skipped/>
  </testcase> <!-- accessProjectsfromreleased1 -->
  <testcase classname="testcases.Release_Task" name="Pending_patientdetails">
    <skipped/>
  </testcase> <!-- Pending_patientdetails -->
</testsuite> <!-- testcases.Release_Task -->
