<?xml version="1.0" encoding="UTF-8"?>
<!-- Generated by org.testng.reporters.JUnitReportReporter -->
<testsuite hostname="INISKDQA4" failures="0" tests="15" name="testcases.All_Projects" time="0.854" errors="1" timestamp="2024-06-14T14:01:21 IST" skipped="14">
  <testcase classname="testcases.All_Projects" name="setup" time="0.853">
    <error message="java.lang.NumberFormatException: For input string: &quot;public&quot;" type="io.github.bonigarcia.wdm.config.WebDriverManagerException">
      <![CDATA[io.github.bonigarcia.wdm.config.WebDriverManagerException: java.lang.NumberFormatException: For input string: "public"
at io.github.bonigarcia.wdm.WebDriverManager.handleException(WebDriverManager.java:1435)
at io.github.bonigarcia.wdm.WebDriverManager.manage(WebDriverManager.java:1195)
at io.github.bonigarcia.wdm.WebDriverManager.fallback(WebDriverManager.java:1451)
at io.github.bonigarcia.wdm.WebDriverManager.handleException(WebDriverManager.java:1432)
at io.github.bonigarcia.wdm.WebDriverManager.manage(WebDriverManager.java:1195)
at io.github.bonigarcia.wdm.WebDriverManager.handleException(WebDriverManager.java:1425)
at io.github.bonigarcia.wdm.WebDriverManager.manage(WebDriverManager.java:1195)
at io.github.bonigarcia.wdm.WebDriverManager.setup(WebDriverManager.java:427)
at testcases.All_Projects.setup(All_Projects.java:21)
at java.base/jdk.internal.reflect.DirectMethodHandleAccessor.invoke(DirectMethodHandleAccessor.java:104)
at java.base/java.lang.reflect.Method.invoke(Method.java:578)
at org.testng.internal.invokers.MethodInvocationHelper.invokeMethod(MethodInvocationHelper.java:139)
at org.testng.internal.invokers.MethodInvocationHelper.invokeMethodConsideringTimeout(MethodInvocationHelper.java:69)
at org.testng.internal.invokers.ConfigInvoker.invokeConfigurationMethod(ConfigInvoker.java:390)
at org.testng.internal.invokers.ConfigInvoker.invokeConfigurations(ConfigInvoker.java:325)
at org.testng.internal.invokers.TestMethodWorker.invokeBeforeClassMethods(TestMethodWorker.java:180)
at org.testng.internal.invokers.TestMethodWorker.run(TestMethodWorker.java:122)
at java.base/java.util.concurrent.ThreadPoolExecutor.runWorker(ThreadPoolExecutor.java:1144)
at java.base/java.util.concurrent.ThreadPoolExecutor$Worker.run(ThreadPoolExecutor.java:642)
at java.base/java.lang.Thread.run(Thread.java:1623)
Caused by: java.lang.NumberFormatException: For input string: "public"
at java.base/java.lang.NumberFormatException.forInputString(NumberFormatException.java:67)
at java.base/java.lang.Integer.parseInt(Integer.java:665)
at java.base/java.lang.Integer.parseInt(Integer.java:781)
at io.github.bonigarcia.wdm.managers.ChromeDriverManager.buildUrl(ChromeDriverManager.java:178)
at io.github.bonigarcia.wdm.managers.ChromeDriverManager.buildUrl(ChromeDriverManager.java:155)
at io.github.bonigarcia.wdm.WebDriverManager.download(WebDriverManager.java:1272)
at io.github.bonigarcia.wdm.WebDriverManager.manage(WebDriverManager.java:1189)
... 18 more
]]>
    </error>
  </testcase> <!-- setup -->
  <testcase classname="testcases.All_Projects" name="mylogin" time="0.001">
    <skipped/>
  </testcase> <!-- mylogin -->
  <testcase classname="testcases.All_Projects" name="accessEv" time="0.000">
    <skipped/>
  </testcase> <!-- accessEv -->
  <testcase classname="testcases.All_Projects" name="accessProjects" time="0.000">
    <skipped/>
  </testcase> <!-- accessProjects -->
  <testcase classname="testcases.All_Projects" name="Allprjtab_viewfilter" time="0.000">
    <skipped/>
  </testcase> <!-- Allprjtab_viewfilter -->
  <testcase classname="testcases.All_Projects" name="Allprjtab_priorityfilter" time="0.000">
    <skipped/>
  </testcase> <!-- Allprjtab_priorityfilter -->
  <testcase classname="testcases.All_Projects" name="allprojects_ownerfilter" time="0.000">
    <skipped/>
  </testcase> <!-- allprojects_ownerfilter -->
  <testcase classname="testcases.All_Projects" name="Allprjtab_projectfilter" time="0.000">
    <skipped/>
  </testcase> <!-- Allprjtab_projectfilter -->
  <testcase classname="testcases.All_Projects" name="Status_projectfilter" time="0.000">
    <skipped/>
  </testcase> <!-- Status_projectfilter -->
  <testcase classname="testcases.All_Projects" name="Allprjtab_Appointmnetfilter" time="0.000">
    <skipped/>
  </testcase> <!-- Allprjtab_Appointmnetfilter -->
  <testcase classname="testcases.All_Projects" name="alltab_Appointmnetfilter" time="0.000">
    <skipped/>
  </testcase> <!-- alltab_Appointmnetfilter -->
  <testcase classname="testcases.All_Projects" name="Allprjtab_Exporttoexcel" time="0.000">
    <skipped/>
  </testcase> <!-- Allprjtab_Exporttoexcel -->
  <testcase classname="testcases.All_Projects" name="Allprjtab_projectdeatils" time="0.000">
    <skipped/>
  </testcase> <!-- Allprjtab_projectdeatils -->
  <testcase classname="testcases.All_Projects" name="Allprjtab_scrollbar" time="0.000">
    <skipped/>
  </testcase> <!-- Allprjtab_scrollbar -->
  <testcase classname="testcases.All_Projects" name="Allprjtab123">
    <skipped/>
  </testcase> <!-- Allprjtab123 -->
</testsuite> <!-- testcases.All_Projects -->
