<?xml version="1.0" encoding="UTF-8"?>
<!-- Generated by org.testng.reporters.JUnitReportReporter -->
<testsuite hostname="INISKDQA4" failures="0" tests="21" name="testcases.MyQueue" time="1.613" errors="1" timestamp="2024-06-14T14:01:21 IST" skipped="20">
  <testcase classname="testcases.MyQueue" name="setup" time="1.609">
    <error message="java.lang.NumberFormatException: For input string: &quot;public&quot;" type="io.github.bonigarcia.wdm.config.WebDriverManagerException">
      <![CDATA[io.github.bonigarcia.wdm.config.WebDriverManagerException: java.lang.NumberFormatException: For input string: "public"
at io.github.bonigarcia.wdm.WebDriverManager.handleException(WebDriverManager.java:1435)
at io.github.bonigarcia.wdm.WebDriverManager.manage(WebDriverManager.java:1195)
at io.github.bonigarcia.wdm.WebDriverManager.fallback(WebDriverManager.java:1451)
at io.github.bonigarcia.wdm.WebDriverManager.handleException(WebDriverManager.java:1432)
at io.github.bonigarcia.wdm.WebDriverManager.manage(WebDriverManager.java:1195)
at io.github.bonigarcia.wdm.WebDriverManager.handleException(WebDriverManager.java:1425)
at io.github.bonigarcia.wdm.WebDriverManager.manage(WebDriverManager.java:1195)
at io.github.bonigarcia.wdm.WebDriverManager.setup(WebDriverManager.java:427)
at testcases.MyQueue.setup(MyQueue.java:21)
at java.base/jdk.internal.reflect.DirectMethodHandleAccessor.invoke(DirectMethodHandleAccessor.java:104)
at java.base/java.lang.reflect.Method.invoke(Method.java:578)
at org.testng.internal.invokers.MethodInvocationHelper.invokeMethod(MethodInvocationHelper.java:139)
at org.testng.internal.invokers.MethodInvocationHelper.invokeMethodConsideringTimeout(MethodInvocationHelper.java:69)
at org.testng.internal.invokers.ConfigInvoker.invokeConfigurationMethod(ConfigInvoker.java:390)
at org.testng.internal.invokers.ConfigInvoker.invokeConfigurations(ConfigInvoker.java:325)
at org.testng.internal.invokers.TestMethodWorker.invokeBeforeClassMethods(TestMethodWorker.java:180)
at org.testng.internal.invokers.TestMethodWorker.run(TestMethodWorker.java:122)
at java.base/java.util.concurrent.ThreadPoolExecutor.runWorker(ThreadPoolExecutor.java:1144)
at java.base/java.util.concurrent.ThreadPoolExecutor$Worker.run(ThreadPoolExecutor.java:642)
at java.base/java.lang.Thread.run(Thread.java:1623)
Caused by: java.lang.NumberFormatException: For input string: "public"
at java.base/java.lang.NumberFormatException.forInputString(NumberFormatException.java:67)
at java.base/java.lang.Integer.parseInt(Integer.java:665)
at java.base/java.lang.Integer.parseInt(Integer.java:781)
at io.github.bonigarcia.wdm.managers.ChromeDriverManager.buildUrl(ChromeDriverManager.java:178)
at io.github.bonigarcia.wdm.managers.ChromeDriverManager.buildUrl(ChromeDriverManager.java:155)
at io.github.bonigarcia.wdm.WebDriverManager.download(WebDriverManager.java:1272)
at io.github.bonigarcia.wdm.WebDriverManager.manage(WebDriverManager.java:1189)
... 18 more
]]>
    </error>
  </testcase> <!-- setup -->
  <testcase classname="testcases.MyQueue" name="mylogin" time="0.000">
    <skipped/>
  </testcase> <!-- mylogin -->
  <testcase classname="testcases.MyQueue" name="access" time="0.000">
    <skipped/>
  </testcase> <!-- access -->
  <testcase classname="testcases.MyQueue" name="accessProjects" time="0.000">
    <skipped/>
  </testcase> <!-- accessProjects -->
  <testcase classname="testcases.MyQueue" name="Allprjtab_viewfilter" time="0.000">
    <skipped/>
  </testcase> <!-- Allprjtab_viewfilter -->
  <testcase classname="testcases.MyQueue" name="Prcaticefilter" time="0.001">
    <skipped/>
  </testcase> <!-- Prcaticefilter -->
  <testcase classname="testcases.MyQueue" name="Workstatusfilter" time="0.000">
    <skipped/>
  </testcase> <!-- Workstatusfilter -->
  <testcase classname="testcases.MyQueue" name="Priorityfilter" time="0.001">
    <skipped/>
  </testcase> <!-- Priorityfilter -->
  <testcase classname="testcases.MyQueue" name="Insurancefilter" time="0.000">
    <skipped/>
  </testcase> <!-- Insurancefilter -->
  <testcase classname="testcases.MyQueue" name="location_filter" time="0.000">
    <skipped/>
  </testcase> <!-- location_filter -->
  <testcase classname="testcases.MyQueue" name="mYqueueprojectfilter" time="0.000">
    <skipped/>
  </testcase> <!-- mYqueueprojectfilter -->
  <testcase classname="testcases.MyQueue" name="Status_projectfilter" time="0.000">
    <skipped/>
  </testcase> <!-- Status_projectfilter -->
  <testcase classname="testcases.MyQueue" name="upviewfilter" time="0.000">
    <skipped/>
  </testcase> <!-- upviewfilter -->
  <testcase classname="testcases.MyQueue" name="myqueueExporttoexcel" time="0.000">
    <skipped/>
  </testcase> <!-- myqueueExporttoexcel -->
  <testcase classname="testcases.MyQueue" name="Myqueueprjtab_projectdeatils" time="0.001">
    <skipped/>
  </testcase> <!-- Myqueueprjtab_projectdeatils -->
  <testcase classname="testcases.MyQueue" name="APPTdetails_view" time="0.000">
    <skipped/>
  </testcase> <!-- APPTdetails_view -->
  <testcase classname="testcases.MyQueue" name="myqueueprjtab_scrollbar" time="0.000">
    <skipped/>
  </testcase> <!-- myqueueprjtab_scrollbar -->
  <testcase classname="testcases.MyQueue" name="closeworkaction" time="0.001">
    <skipped/>
  </testcase> <!-- closeworkaction -->
  <testcase classname="testcases.MyQueue" name="WorkAllButtonclick">
    <skipped/>
  </testcase> <!-- WorkAllButtonclick -->
  <testcase classname="testcases.MyQueue" name="checkboxButtonclick">
    <skipped/>
  </testcase> <!-- checkboxButtonclick -->
  <testcase classname="testcases.MyQueue" name="Allprjtab">
    <skipped/>
  </testcase> <!-- Allprjtab -->
</testsuite> <!-- testcases.MyQueue -->
